Using pre-set license
Built from '2020.3/staging' branch; Version is '2020.3.0f1 (c7b5465681fb) revision 13088070'; Using compiler version '192528614'; Build Type 'Release'
OS: 'Windows 10 Pro; OS build 19041.985; Version 2004; 64bit' Language: 'ru' Physical Memory: 16221 MB
BatchMode: 1, IsHumanControllingUs: 0, StartBugReporterOnCrash: 0, Is64bit: 1, IsPro: 0

 COMMAND LINE ARGUMENTS:
D:\UnityProjects\2020.3.0f1\Editor\Unity.exe
-adb2
-batchMode
-noUpm
-name
AssetImportWorker0
-projectPath
D:/UnityProjects/Work/SapienWorkRep/Sapien
-logFile
Logs/AssetImportWorker0.log
-srvPort
65163
Successfully changed project path to: D:/UnityProjects/Work/SapienWorkRep/Sapien
D:/UnityProjects/Work/SapienWorkRep/Sapien
Using Asset Import Pipeline V2.
Refreshing native plugins compatible for Editor in 455.35 ms, found 0 plugins.
Preloading 0 native plugins for Editor in 0.00 ms.
Initialize engine version: 2020.3.0f1 (c7b5465681fb)
[Subsystems] Discovering subsystems at path D:/UnityProjects/2020.3.0f1/Editor/Data/Resources/UnitySubsystems
[Subsystems] Discovering subsystems at path D:/UnityProjects/Work/SapienWorkRep/Sapien/Assets
GfxDevice: creating device client; threaded=0
Direct3D:
    Version:  Direct3D 11.0 [level 11.1]
    Renderer: NVIDIA GeForce RTX 2060 (ID=0x1f15)
    Vendor:   
    VRAM:     5980 MB
    Driver:   27.21.14.5167
Initialize mono
Mono path[0] = 'D:/UnityProjects/2020.3.0f1/Editor/Data/Managed'
Mono path[1] = 'D:/UnityProjects/2020.3.0f1/Editor/Data/MonoBleedingEdge/lib/mono/unityjit'
Mono config path = 'D:/UnityProjects/2020.3.0f1/Editor/Data/MonoBleedingEdge/etc'
Using monoOptions --debugger-agent=transport=dt_socket,embedding=1,server=y,suspend=n,address=127.0.0.1:56388
Begin MonoManager ReloadAssembly
Registering precompiled unity dll's ...
Register platform support module: D:/UnityProjects/2020.3.0f1/Editor/Data/PlaybackEngines/WindowsStandaloneSupport/UnityEditor.WindowsStandalone.Extensions.dll
Registered in 0.001877 seconds.
Native extension for WindowsStandalone target not found
Refreshing native plugins compatible for Editor in 355.64 ms, found 0 plugins.
Preloading 0 native plugins for Editor in 0.00 ms.
Invoked RoslynAnalysisRunner static constructor.
RoslynAnalysisRunner will not be running.
RoslynAnalysisRunner has terminated.
Mono: successfully reloaded assembly
- Completed reload, in  4.454 seconds
Platform modules already initialized, skipping
Registering precompiled user dll's ...
Registered in 0.004065 seconds.
Begin MonoManager ReloadAssembly
Native extension for WindowsStandalone target not found
Refreshing native plugins compatible for Editor in 3.54 ms, found 0 plugins.
Preloading 0 native plugins for Editor in 0.00 ms.
Invoked RoslynAnalysisRunner static constructor.
RoslynAnalysisRunner will not be running.
RoslynAnalysisRunner has terminated.
Mono: successfully reloaded assembly
- Completed reload, in  1.056 seconds
Platform modules already initialized, skipping
========================================================================
Worker process is ready to serve import requests
Launched and connected shader compiler UnityShaderCompiler.exe after 0.12 seconds
Refreshing native plugins compatible for Editor in 3.59 ms, found 0 plugins.
Preloading 0 native plugins for Editor in 0.00 ms.
Unloading 1329 Unused Serialized files (Serialized files now loaded: 0)
System memory in use before: 129.3 MB.
System memory in use after: 129.3 MB.

Unloading 12 unused Assets to reduce memory usage. Loaded Objects now: 1821.
Total: 1.784700 ms (FindLiveObjects: 0.154100 ms CreateObjectMapping: 0.041700 ms MarkObjects: 1.372200 ms  DeleteObjects: 0.215900 ms)

========================================================================
Received Import Request.
  path: Assets/FrostweepGames/GCSpeechRecognition/GCSR_Examples/MyTest2
  artifactKey: Guid(2ee1378cc62bd684093ddfac64722b04) Importer(815301076,1909f56bfc062723c751e8b465ee728b)
Start importing Assets/FrostweepGames/GCSpeechRecognition/GCSR_Examples/MyTest2 using Guid(2ee1378cc62bd684093ddfac64722b04) Importer(815301076,1909f56bfc062723c751e8b465ee728b)  -> (artifact id: 'fbea2bf6b7422180ed890b25b862ad03') in 0.007648 seconds
  Import took 0.049704 seconds .

========================================================================
Received Import Request.
  Time since last request: 0.002224 seconds.
  path: Assets/FrostweepGames/GCSpeechRecognition/GCSR_Examples/MyTest2/MyTestRec.cs
  artifactKey: Guid(880bf1c5268890a41b343f7ea88176dd) Importer(815301076,1909f56bfc062723c751e8b465ee728b)
Start importing Assets/FrostweepGames/GCSpeechRecognition/GCSR_Examples/MyTest2/MyTestRec.cs using Guid(880bf1c5268890a41b343f7ea88176dd) Importer(815301076,1909f56bfc062723c751e8b465ee728b)  -> (artifact id: '639fae9cd1792967378e2c07c2774fa7') in 0.032805 seconds
  Import took 0.258659 seconds .

========================================================================
Received Prepare
Registering precompiled user dll's ...
Registered in 0.004340 seconds.
Begin MonoManager ReloadAssembly
Native extension for WindowsStandalone target not found
Refreshing native plugins compatible for Editor in 3.00 ms, found 0 plugins.
Preloading 0 native plugins for Editor in 0.00 ms.
Invoked RoslynAnalysisRunner static constructor.
RoslynAnalysisRunner will not be running.
RoslynAnalysisRunner has terminated.
Mono: successfully reloaded assembly
- Completed reload, in  0.842 seconds
Platform modules already initialized, skipping
Refreshing native plugins compatible for Editor in 3.47 ms, found 0 plugins.
Preloading 0 native plugins for Editor in 0.00 ms.
Unloading 1223 Unused Serialized files (Serialized files now loaded: 0)
System memory in use before: 121.3 MB.
System memory in use after: 121.3 MB.

Unloading 7 unused Assets to reduce memory usage. Loaded Objects now: 1824.
Total: 2.608400 ms (FindLiveObjects: 0.382600 ms CreateObjectMapping: 0.096000 ms MarkObjects: 1.973200 ms  DeleteObjects: 0.154800 ms)

========================================================================
Received Import Request.
  Time since last request: 13.770141 seconds.
  path: Assets/FrostweepGames/GCSpeechRecognition/GCSR_Examples/MyTest2/MyTestRec.cs
  artifactKey: Guid(880bf1c5268890a41b343f7ea88176dd) Importer(815301076,1909f56bfc062723c751e8b465ee728b)
Start importing Assets/FrostweepGames/GCSpeechRecognition/GCSR_Examples/MyTest2/MyTestRec.cs using Guid(880bf1c5268890a41b343f7ea88176dd) Importer(815301076,1909f56bfc062723c751e8b465ee728b)  -> (artifact id: '4831da4a79e60d427fd7db9e89f14089') in 0.007482 seconds
  Import took 0.491922 seconds .

========================================================================
Received Import Request.
  Time since last request: 99.717952 seconds.
  path: Assets/FrostweepGames/GCSpeechRecognition/GCSR_Examples/MyTest2/TestRec.unity
  artifactKey: Guid(87bcc4e4cedc4bf43ac07d24b50024a8) Importer(815301076,1909f56bfc062723c751e8b465ee728b)
Start importing Assets/FrostweepGames/GCSpeechRecognition/GCSR_Examples/MyTest2/TestRec.unity using Guid(87bcc4e4cedc4bf43ac07d24b50024a8) Importer(815301076,1909f56bfc062723c751e8b465ee728b)  -> (artifact id: '79ecc11b49793786c62ae84edf2f1d8d') in 0.010835 seconds
  Import took 0.262714 seconds .

========================================================================
Received Prepare
Registering precompiled user dll's ...
Registered in 0.004091 seconds.
Begin MonoManager ReloadAssembly
Native extension for WindowsStandalone target not found
Refreshing native plugins compatible for Editor in 5.17 ms, found 0 plugins.
Preloading 0 native plugins for Editor in 0.00 ms.
Invoked RoslynAnalysisRunner static constructor.
RoslynAnalysisRunner will not be running.
RoslynAnalysisRunner has terminated.
Mono: successfully reloaded assembly
- Completed reload, in  1.383 seconds
Platform modules already initialized, skipping
Refreshing native plugins compatible for Editor in 3.45 ms, found 0 plugins.
Preloading 0 native plugins for Editor in 0.00 ms.
Unloading 1223 Unused Serialized files (Serialized files now loaded: 0)
System memory in use before: 121.3 MB.
System memory in use after: 121.4 MB.

Unloading 7 unused Assets to reduce memory usage. Loaded Objects now: 1827.
Total: 2.056500 ms (FindLiveObjects: 0.172100 ms CreateObjectMapping: 0.046800 ms MarkObjects: 1.669200 ms  DeleteObjects: 0.167200 ms)

========================================================================
Received Prepare
Registering precompiled user dll's ...
Registered in 0.004428 seconds.
Begin MonoManager ReloadAssembly
Native extension for WindowsStandalone target not found
Refreshing native plugins compatible for Editor in 3.52 ms, found 0 plugins.
Preloading 0 native plugins for Editor in 0.00 ms.
Invoked RoslynAnalysisRunner static constructor.
RoslynAnalysisRunner will not be running.
RoslynAnalysisRunner has terminated.
Mono: successfully reloaded assembly
- Completed reload, in  0.844 seconds
Platform modules already initialized, skipping
Refreshing native plugins compatible for Editor in 3.28 ms, found 0 plugins.
Preloading 0 native plugins for Editor in 0.00 ms.
Unloading 1223 Unused Serialized files (Serialized files now loaded: 0)
System memory in use before: 121.4 MB.
System memory in use after: 121.4 MB.

Unloading 7 unused Assets to reduce memory usage. Loaded Objects now: 1830.
Total: 1.939300 ms (FindLiveObjects: 0.156000 ms CreateObjectMapping: 0.048400 ms MarkObjects: 1.587100 ms  DeleteObjects: 0.146100 ms)

========================================================================
Received Import Request.
  Time since last request: 211.584885 seconds.
  path: Assets/FrostweepGames/GCSpeechRecognition/GCSR_Examples/MyTest2/MyTestRec.cs
  artifactKey: Guid(880bf1c5268890a41b343f7ea88176dd) Importer(815301076,1909f56bfc062723c751e8b465ee728b)
Start importing Assets/FrostweepGames/GCSpeechRecognition/GCSR_Examples/MyTest2/MyTestRec.cs using Guid(880bf1c5268890a41b343f7ea88176dd) Importer(815301076,1909f56bfc062723c751e8b465ee728b)  -> (artifact id: '754478046989b8f0a39eef0721000ed9') in 0.008526 seconds
  Import took 0.050643 seconds .

========================================================================
Received Prepare
Registering precompiled user dll's ...
Registered in 0.004056 seconds.
Begin MonoManager ReloadAssembly
Native extension for WindowsStandalone target not found
Refreshing native plugins compatible for Editor in 3.69 ms, found 0 plugins.
Preloading 0 native plugins for Editor in 0.00 ms.
Invoked RoslynAnalysisRunner static constructor.
RoslynAnalysisRunner will not be running.
RoslynAnalysisRunner has terminated.
Mono: successfully reloaded assembly
- Completed reload, in  1.007 seconds
Platform modules already initialized, skipping
Refreshing native plugins compatible for Editor in 3.95 ms, found 0 plugins.
Preloading 0 native plugins for Editor in 0.00 ms.
Unloading 1223 Unused Serialized files (Serialized files now loaded: 0)
System memory in use before: 121.4 MB.
System memory in use after: 121.4 MB.

Unloading 7 unused Assets to reduce memory usage. Loaded Objects now: 1833.
Total: 2.311800 ms (FindLiveObjects: 0.164400 ms CreateObjectMapping: 0.047100 ms MarkObjects: 1.909300 ms  DeleteObjects: 0.189500 ms)

========================================================================
Received Prepare
Registering precompiled user dll's ...
Registered in 0.006683 seconds.
Begin MonoManager ReloadAssembly
Native extension for WindowsStandalone target not found
Refreshing native plugins compatible for Editor in 5.05 ms, found 0 plugins.
Preloading 0 native plugins for Editor in 0.00 ms.
Invoked RoslynAnalysisRunner static constructor.
RoslynAnalysisRunner will not be running.
RoslynAnalysisRunner has terminated.
Mono: successfully reloaded assembly
- Completed reload, in  0.976 seconds
Platform modules already initialized, skipping
Refreshing native plugins compatible for Editor in 5.37 ms, found 0 plugins.
Preloading 0 native plugins for Editor in 0.00 ms.
Unloading 1224 Unused Serialized files (Serialized files now loaded: 0)
System memory in use before: 121.4 MB.
System memory in use after: 121.4 MB.

Unloading 7 unused Assets to reduce memory usage. Loaded Objects now: 1837.
Total: 3.748500 ms (FindLiveObjects: 0.222000 ms CreateObjectMapping: 0.081600 ms MarkObjects: 3.178200 ms  DeleteObjects: 0.264700 ms)

========================================================================
Received Import Request.
  Time since last request: 242.274239 seconds.
  path: Assets/FrostweepGames/GCSpeechRecognition/GCSR_Examples/MyTest3
  artifactKey: Guid(2432ae5efd90fdc4ab6a993460183373) Importer(815301076,1909f56bfc062723c751e8b465ee728b)
Start importing Assets/FrostweepGames/GCSpeechRecognition/GCSR_Examples/MyTest3 using Guid(2432ae5efd90fdc4ab6a993460183373) Importer(815301076,1909f56bfc062723c751e8b465ee728b)  -> (artifact id: '1f93f3342cf11b620ef89c5132946503') in 0.009621 seconds
  Import took 0.475179 seconds .

========================================================================
Received Import Request.
  Time since last request: 0.315936 seconds.
  path: Assets/FrostweepGames/GCSpeechRecognition/GCSR_Examples/MyTest3/MyTestRec3.cs
  artifactKey: Guid(3452ad61b76de934daf0b06b6b4f392f) Importer(815301076,1909f56bfc062723c751e8b465ee728b)
Start importing Assets/FrostweepGames/GCSpeechRecognition/GCSR_Examples/MyTest3/MyTestRec3.cs using Guid(3452ad61b76de934daf0b06b6b4f392f) Importer(815301076,1909f56bfc062723c751e8b465ee728b)  -> (artifact id: '0702f4081d2f41c5d36258150452cb45') in 0.006735 seconds
  Import took 0.164476 seconds .

========================================================================
Received Prepare
Registering precompiled user dll's ...
Registered in 0.004838 seconds.
Begin MonoManager ReloadAssembly
Native extension for WindowsStandalone target not found
Refreshing native plugins compatible for Editor in 3.18 ms, found 0 plugins.
Preloading 0 native plugins for Editor in 0.00 ms.
Invoked RoslynAnalysisRunner static constructor.
RoslynAnalysisRunner will not be running.
RoslynAnalysisRunner has terminated.
Mono: successfully reloaded assembly
- Completed reload, in  0.775 seconds
Platform modules already initialized, skipping
Refreshing native plugins compatible for Editor in 5.46 ms, found 0 plugins.
Preloading 0 native plugins for Editor in 0.00 ms.
Unloading 1224 Unused Serialized files (Serialized files now loaded: 0)
System memory in use before: 121.4 MB.
System memory in use after: 121.4 MB.

Unloading 7 unused Assets to reduce memory usage. Loaded Objects now: 1840.
Total: 2.063100 ms (FindLiveObjects: 0.169800 ms CreateObjectMapping: 0.048200 ms MarkObjects: 1.681700 ms  DeleteObjects: 0.162200 ms)

========================================================================
Received Import Request.
  Time since last request: 13.747207 seconds.
  path: Assets/FrostweepGames/GCSpeechRecognition/GCSR_Examples/MyTest3/TestRec3.unity
  artifactKey: Guid(a35ca87b61537cd4eb63fc9b1e227479) Importer(815301076,1909f56bfc062723c751e8b465ee728b)
Start importing Assets/FrostweepGames/GCSpeechRecognition/GCSR_Examples/MyTest3/TestRec3.unity using Guid(a35ca87b61537cd4eb63fc9b1e227479) Importer(815301076,1909f56bfc062723c751e8b465ee728b)  -> (artifact id: '2e92e093369ebe7ef8ef1209726501b1') in 0.028113 seconds
  Import took 0.353968 seconds .

========================================================================
Received Import Request.
  Time since last request: 0.000615 seconds.
  path: Assets/FrostweepGames/GCSpeechRecognition/GCSR_Examples/MyTest3/MyTestRec3.cs
  artifactKey: Guid(3452ad61b76de934daf0b06b6b4f392f) Importer(815301076,1909f56bfc062723c751e8b465ee728b)
Start importing Assets/FrostweepGames/GCSpeechRecognition/GCSR_Examples/MyTest3/MyTestRec3.cs using Guid(3452ad61b76de934daf0b06b6b4f392f) Importer(815301076,1909f56bfc062723c751e8b465ee728b)  -> (artifact id: '135415cf8d5368896ac03b4ba0fb9ac7') in 0.004132 seconds
  Import took 0.228106 seconds .

========================================================================
Received Prepare
Registering precompiled user dll's ...
Registered in 0.004014 seconds.
Begin MonoManager ReloadAssembly
Native extension for WindowsStandalone target not found
Refreshing native plugins compatible for Editor in 3.09 ms, found 0 plugins.
Preloading 0 native plugins for Editor in 0.00 ms.
Invoked RoslynAnalysisRunner static constructor.
RoslynAnalysisRunner will not be running.
RoslynAnalysisRunner has terminated.
Mono: successfully reloaded assembly
- Completed reload, in  0.826 seconds
Platform modules already initialized, skipping
Refreshing native plugins compatible for Editor in 3.70 ms, found 0 plugins.
Preloading 0 native plugins for Editor in 0.00 ms.
Unloading 1224 Unused Serialized files (Serialized files now loaded: 0)
System memory in use before: 121.4 MB.
System memory in use after: 121.5 MB.

Unloading 7 unused Assets to reduce memory usage. Loaded Objects now: 1843.
Total: 2.130100 ms (FindLiveObjects: 0.216500 ms CreateObjectMapping: 0.059200 ms MarkObjects: 1.660400 ms  DeleteObjects: 0.191600 ms)

========================================================================
Received Import Request.
  Time since last request: 120.058237 seconds.
  path: Assets/FrostweepGames/GCSpeechRecognition/GCSR_Examples/MyTest3/MyTestRec3.cs
  artifactKey: Guid(3452ad61b76de934daf0b06b6b4f392f) Importer(815301076,1909f56bfc062723c751e8b465ee728b)
Start importing Assets/FrostweepGames/GCSpeechRecognition/GCSR_Examples/MyTest3/MyTestRec3.cs using Guid(3452ad61b76de934daf0b06b6b4f392f) Importer(815301076,1909f56bfc062723c751e8b465ee728b)  -> (artifact id: '184e1fee498f807cb95de49dd140602b') in 0.007276 seconds
  Import took 0.048390 seconds .

========================================================================
Received Prepare
Registering precompiled user dll's ...
Registered in 0.004230 seconds.
Begin MonoManager ReloadAssembly
Native extension for WindowsStandalone target not found
Refreshing native plugins compatible for Editor in 2.92 ms, found 0 plugins.
Preloading 0 native plugins for Editor in 0.00 ms.
Invoked RoslynAnalysisRunner static constructor.
RoslynAnalysisRunner will not be running.
RoslynAnalysisRunner has terminated.
Mono: successfully reloaded assembly
- Completed reload, in  0.811 seconds
Platform modules already initialized, skipping
Refreshing native plugins compatible for Editor in 3.21 ms, found 0 plugins.
Preloading 0 native plugins for Editor in 0.00 ms.
Unloading 1224 Unused Serialized files (Serialized files now loaded: 0)
System memory in use before: 121.4 MB.
System memory in use after: 121.5 MB.

Unloading 7 unused Assets to reduce memory usage. Loaded Objects now: 1846.
Total: 2.076200 ms (FindLiveObjects: 0.154200 ms CreateObjectMapping: 0.042600 ms MarkObjects: 1.731100 ms  DeleteObjects: 0.147600 ms)

========================================================================
Received Prepare
Registering precompiled user dll's ...
Registered in 0.004427 seconds.
Begin MonoManager ReloadAssembly
Native extension for WindowsStandalone target not found
Refreshing native plugins compatible for Editor in 3.76 ms, found 0 plugins.
Preloading 0 native plugins for Editor in 0.00 ms.
Invoked RoslynAnalysisRunner static constructor.
RoslynAnalysisRunner will not be running.
RoslynAnalysisRunner has terminated.
Mono: successfully reloaded assembly
- Completed reload, in  1.016 seconds
Platform modules already initialized, skipping
Refreshing native plugins compatible for Editor in 3.30 ms, found 0 plugins.
Preloading 0 native plugins for Editor in 0.00 ms.
Unloading 1224 Unused Serialized files (Serialized files now loaded: 0)
System memory in use before: 121.5 MB.
System memory in use after: 121.5 MB.

Unloading 7 unused Assets to reduce memory usage. Loaded Objects now: 1849.
Total: 1.884000 ms (FindLiveObjects: 0.158900 ms CreateObjectMapping: 0.036500 ms MarkObjects: 1.542200 ms  DeleteObjects: 0.145100 ms)

========================================================================
Received Prepare
Registering precompiled user dll's ...
Registered in 0.004379 seconds.
Begin MonoManager ReloadAssembly
Native extension for WindowsStandalone target not found
Refreshing native plugins compatible for Editor in 3.13 ms, found 0 plugins.
Preloading 0 native plugins for Editor in 0.00 ms.
Invoked RoslynAnalysisRunner static constructor.
RoslynAnalysisRunner will not be running.
RoslynAnalysisRunner has terminated.
Mono: successfully reloaded assembly
- Completed reload, in  0.820 seconds
Platform modules already initialized, skipping
Refreshing native plugins compatible for Editor in 3.26 ms, found 0 plugins.
Preloading 0 native plugins for Editor in 0.00 ms.
Unloading 1224 Unused Serialized files (Serialized files now loaded: 0)
System memory in use before: 121.5 MB.
System memory in use after: 121.5 MB.

Unloading 7 unused Assets to reduce memory usage. Loaded Objects now: 1852.
Total: 2.086100 ms (FindLiveObjects: 0.173200 ms CreateObjectMapping: 0.059600 ms MarkObjects: 1.686200 ms  DeleteObjects: 0.166100 ms)

========================================================================
Received Prepare
Registering precompiled user dll's ...
Registered in 0.004020 seconds.
Begin MonoManager ReloadAssembly
Native extension for WindowsStandalone target not found
Refreshing native plugins compatible for Editor in 3.22 ms, found 0 plugins.
Preloading 0 native plugins for Editor in 0.00 ms.
Invoked RoslynAnalysisRunner static constructor.
RoslynAnalysisRunner will not be running.
RoslynAnalysisRunner has terminated.
Mono: successfully reloaded assembly
- Completed reload, in  0.830 seconds
Platform modules already initialized, skipping
Refreshing native plugins compatible for Editor in 3.26 ms, found 0 plugins.
Preloading 0 native plugins for Editor in 0.00 ms.
Unloading 1224 Unused Serialized files (Serialized files now loaded: 0)
System memory in use before: 121.5 MB.
System memory in use after: 121.5 MB.

Unloading 7 unused Assets to reduce memory usage. Loaded Objects now: 1855.
Total: 1.990600 ms (FindLiveObjects: 0.140100 ms CreateObjectMapping: 0.039500 ms MarkObjects: 1.636600 ms  DeleteObjects: 0.173500 ms)

========================================================================
Received Prepare
Registering precompiled user dll's ...
Registered in 0.004910 seconds.
Begin MonoManager ReloadAssembly
Native extension for WindowsStandalone target not found
Refreshing native plugins compatible for Editor in 2.97 ms, found 0 plugins.
Preloading 0 native plugins for Editor in 0.00 ms.
Invoked RoslynAnalysisRunner static constructor.
RoslynAnalysisRunner will not be running.
RoslynAnalysisRunner has terminated.
Mono: successfully reloaded assembly
- Completed reload, in  0.887 seconds
Platform modules already initialized, skipping
Refreshing native plugins compatible for Editor in 3.37 ms, found 0 plugins.
Preloading 0 native plugins for Editor in 0.00 ms.
Unloading 1224 Unused Serialized files (Serialized files now loaded: 0)
System memory in use before: 121.5 MB.
System memory in use after: 121.5 MB.

Unloading 7 unused Assets to reduce memory usage. Loaded Objects now: 1858.
Total: 2.239000 ms (FindLiveObjects: 0.202100 ms CreateObjectMapping: 0.063700 ms MarkObjects: 1.806300 ms  DeleteObjects: 0.164500 ms)

========================================================================
Received Prepare
Registering precompiled user dll's ...
Registered in 0.004503 seconds.
Begin MonoManager ReloadAssembly
Native extension for WindowsStandalone target not found
Refreshing native plugins compatible for Editor in 3.42 ms, found 0 plugins.
Preloading 0 native plugins for Editor in 0.00 ms.
Invoked RoslynAnalysisRunner static constructor.
RoslynAnalysisRunner will not be running.
RoslynAnalysisRunner has terminated.
Mono: successfully reloaded assembly
- Completed reload, in  0.838 seconds
Platform modules already initialized, skipping
Refreshing native plugins compatible for Editor in 3.56 ms, found 0 plugins.
Preloading 0 native plugins for Editor in 0.00 ms.
Unloading 1224 Unused Serialized files (Serialized files now loaded: 0)
System memory in use before: 121.5 MB.
System memory in use after: 121.5 MB.

Unloading 7 unused Assets to reduce memory usage. Loaded Objects now: 1861.
Total: 2.283700 ms (FindLiveObjects: 0.226800 ms CreateObjectMapping: 0.067300 ms MarkObjects: 1.721400 ms  DeleteObjects: 0.266600 ms)

========================================================================
Received Prepare
Registering precompiled user dll's ...
Registered in 0.005146 seconds.
Begin MonoManager ReloadAssembly
Native extension for WindowsStandalone target not found
Refreshing native plugins compatible for Editor in 3.69 ms, found 0 plugins.
Preloading 0 native plugins for Editor in 0.00 ms.
Invoked RoslynAnalysisRunner static constructor.
RoslynAnalysisRunner will not be running.
RoslynAnalysisRunner has terminated.
Mono: successfully reloaded assembly
- Completed reload, in  0.971 seconds
Platform modules already initialized, skipping
Refreshing native plugins compatible for Editor in 3.27 ms, found 0 plugins.
Preloading 0 native plugins for Editor in 0.00 ms.
Unloading 1224 Unused Serialized files (Serialized files now loaded: 0)
System memory in use before: 121.5 MB.
System memory in use after: 121.5 MB.

Unloading 7 unused Assets to reduce memory usage. Loaded Objects now: 1864.
Total: 2.087800 ms (FindLiveObjects: 0.172100 ms CreateObjectMapping: 0.047300 ms MarkObjects: 1.701800 ms  DeleteObjects: 0.165200 ms)

========================================================================
Received Prepare
Registering precompiled user dll's ...
Registered in 0.004585 seconds.
Begin MonoManager ReloadAssembly
Native extension for WindowsStandalone target not found
Refreshing native plugins compatible for Editor in 3.22 ms, found 0 plugins.
Preloading 0 native plugins for Editor in 0.00 ms.
Invoked RoslynAnalysisRunner static constructor.
RoslynAnalysisRunner will not be running.
RoslynAnalysisRunner has terminated.
Mono: successfully reloaded assembly
- Completed reload, in  0.834 seconds
Platform modules already initialized, skipping
Refreshing native plugins compatible for Editor in 3.60 ms, found 0 plugins.
Preloading 0 native plugins for Editor in 0.00 ms.
Unloading 1224 Unused Serialized files (Serialized files now loaded: 0)
System memory in use before: 121.5 MB.
System memory in use after: 121.5 MB.

Unloading 7 unused Assets to reduce memory usage. Loaded Objects now: 1867.
Total: 2.404600 ms (FindLiveObjects: 0.189300 ms CreateObjectMapping: 0.056800 ms MarkObjects: 1.950200 ms  DeleteObjects: 0.207000 ms)

========================================================================
Received Prepare
Registering precompiled user dll's ...
Registered in 0.004127 seconds.
Begin MonoManager ReloadAssembly
Native extension for WindowsStandalone target not found
Refreshing native plugins compatible for Editor in 3.17 ms, found 0 plugins.
Preloading 0 native plugins for Editor in 0.00 ms.
Invoked RoslynAnalysisRunner static constructor.
RoslynAnalysisRunner will not be running.
RoslynAnalysisRunner has terminated.
Mono: successfully reloaded assembly
- Completed reload, in  0.805 seconds
Platform modules already initialized, skipping
Refreshing native plugins compatible for Editor in 2.97 ms, found 0 plugins.
Preloading 0 native plugins for Editor in 0.00 ms.
Unloading 1224 Unused Serialized files (Serialized files now loaded: 0)
System memory in use before: 121.5 MB.
System memory in use after: 121.5 MB.

Unloading 7 unused Assets to reduce memory usage. Loaded Objects now: 1870.
Total: 1.918800 ms (FindLiveObjects: 0.185100 ms CreateObjectMapping: 0.061300 ms MarkObjects: 1.520800 ms  DeleteObjects: 0.150000 ms)

========================================================================
Received Prepare
Registering precompiled user dll's ...
Registered in 0.004466 seconds.
Begin MonoManager ReloadAssembly
Native extension for WindowsStandalone target not found
Refreshing native plugins compatible for Editor in 3.47 ms, found 0 plugins.
Preloading 0 native plugins for Editor in 0.00 ms.
Invoked RoslynAnalysisRunner static constructor.
RoslynAnalysisRunner will not be running.
RoslynAnalysisRunner has terminated.
Mono: successfully reloaded assembly
- Completed reload, in  0.818 seconds
Platform modules already initialized, skipping
Refreshing native plugins compatible for Editor in 3.93 ms, found 0 plugins.
Preloading 0 native plugins for Editor in 0.00 ms.
Unloading 1224 Unused Serialized files (Serialized files now loaded: 0)
System memory in use before: 121.5 MB.
System memory in use after: 121.5 MB.

Unloading 7 unused Assets to reduce memory usage. Loaded Objects now: 1873.
Total: 2.424700 ms (FindLiveObjects: 0.268400 ms CreateObjectMapping: 0.083300 ms MarkObjects: 1.880800 ms  DeleteObjects: 0.191100 ms)

========================================================================
Received Prepare
Registering precompiled user dll's ...
Registered in 0.003883 seconds.
Begin MonoManager ReloadAssembly
Native extension for WindowsStandalone target not found
Refreshing native plugins compatible for Editor in 3.35 ms, found 0 plugins.
Preloading 0 native plugins for Editor in 0.00 ms.
Invoked RoslynAnalysisRunner static constructor.
RoslynAnalysisRunner will not be running.
RoslynAnalysisRunner has terminated.
Mono: successfully reloaded assembly
- Completed reload, in  0.795 seconds
Platform modules already initialized, skipping
Refreshing native plugins compatible for Editor in 3.18 ms, found 0 plugins.
Preloading 0 native plugins for Editor in 0.00 ms.
Unloading 1224 Unused Serialized files (Serialized files now loaded: 0)
System memory in use before: 121.5 MB.
System memory in use after: 121.5 MB.

Unloading 7 unused Assets to reduce memory usage. Loaded Objects now: 1876.
Total: 1.955600 ms (FindLiveObjects: 0.179500 ms CreateObjectMapping: 0.053100 ms MarkObjects: 1.565700 ms  DeleteObjects: 0.155400 ms)

========================================================================
Received Prepare
Registering precompiled user dll's ...
Registered in 0.004118 seconds.
Begin MonoManager ReloadAssembly
Native extension for WindowsStandalone target not found
Refreshing native plugins compatible for Editor in 2.81 ms, found 0 plugins.
Preloading 0 native plugins for Editor in 0.00 ms.
Invoked RoslynAnalysisRunner static constructor.
RoslynAnalysisRunner will not be running.
RoslynAnalysisRunner has terminated.
Mono: successfully reloaded assembly
- Completed reload, in  0.818 seconds
Platform modules already initialized, skipping
Refreshing native plugins compatible for Editor in 3.43 ms, found 0 plugins.
Preloading 0 native plugins for Editor in 0.00 ms.
Unloading 1224 Unused Serialized files (Serialized files now loaded: 0)
System memory in use before: 121.5 MB.
System memory in use after: 121.5 MB.

Unloading 7 unused Assets to reduce memory usage. Loaded Objects now: 1879.
Total: 2.021100 ms (FindLiveObjects: 0.176700 ms CreateObjectMapping: 0.049100 ms MarkObjects: 1.617800 ms  DeleteObjects: 0.175600 ms)

========================================================================
Received Prepare
Registering precompiled user dll's ...
Registered in 0.004961 seconds.
Begin MonoManager ReloadAssembly
Native extension for WindowsStandalone target not found
Refreshing native plugins compatible for Editor in 4.14 ms, found 0 plugins.
Preloading 0 native plugins for Editor in 0.00 ms.
Invoked RoslynAnalysisRunner static constructor.
RoslynAnalysisRunner will not be running.
RoslynAnalysisRunner has terminated.
Mono: successfully reloaded assembly
- Completed reload, in  1.059 seconds
Platform modules already initialized, skipping
Refreshing native plugins compatible for Editor in 3.60 ms, found 0 plugins.
Preloading 0 native plugins for Editor in 0.00 ms.
Unloading 1224 Unused Serialized files (Serialized files now loaded: 0)
System memory in use before: 121.5 MB.
System memory in use after: 121.5 MB.

Unloading 7 unused Assets to reduce memory usage. Loaded Objects now: 1882.
Total: 2.737200 ms (FindLiveObjects: 0.274500 ms CreateObjectMapping: 0.096000 ms MarkObjects: 2.150200 ms  DeleteObjects: 0.214900 ms)

========================================================================
Received Prepare
Registering precompiled user dll's ...
Registered in 0.004352 seconds.
Begin MonoManager ReloadAssembly
Native extension for WindowsStandalone target not found
Refreshing native plugins compatible for Editor in 3.13 ms, found 0 plugins.
Preloading 0 native plugins for Editor in 0.00 ms.
Invoked RoslynAnalysisRunner static constructor.
RoslynAnalysisRunner will not be running.
RoslynAnalysisRunner has terminated.
Mono: successfully reloaded assembly
- Completed reload, in  0.846 seconds
Platform modules already initialized, skipping
Refreshing native plugins compatible for Editor in 3.40 ms, found 0 plugins.
Preloading 0 native plugins for Editor in 0.00 ms.
Unloading 1224 Unused Serialized files (Serialized files now loaded: 0)
System memory in use before: 121.5 MB.
System memory in use after: 121.5 MB.

Unloading 7 unused Assets to reduce memory usage. Loaded Objects now: 1885.
Total: 1.996300 ms (FindLiveObjects: 0.158500 ms CreateObjectMapping: 0.037000 ms MarkObjects: 1.641200 ms  DeleteObjects: 0.158700 ms)

========================================================================
Received Prepare
Registering precompiled user dll's ...
Registered in 0.004951 seconds.
Begin MonoManager ReloadAssembly
Native extension for WindowsStandalone target not found
Refreshing native plugins compatible for Editor in 3.12 ms, found 0 plugins.
Preloading 0 native plugins for Editor in 0.00 ms.
Invoked RoslynAnalysisRunner static constructor.
RoslynAnalysisRunner will not be running.
RoslynAnalysisRunner has terminated.
Mono: successfully reloaded assembly
- Completed reload, in  0.943 seconds
Platform modules already initialized, skipping
Refreshing native plugins compatible for Editor in 4.43 ms, found 0 plugins.
Preloading 0 native plugins for Editor in 0.00 ms.
Unloading 1224 Unused Serialized files (Serialized files now loaded: 0)
System memory in use before: 121.5 MB.
System memory in use after: 121.5 MB.

Unloading 7 unused Assets to reduce memory usage. Loaded Objects now: 1888.
Total: 2.071700 ms (FindLiveObjects: 0.188500 ms CreateObjectMapping: 0.056000 ms MarkObjects: 1.649700 ms  DeleteObjects: 0.176400 ms)

========================================================================
Received Prepare
Registering precompiled user dll's ...
Registered in 0.004488 seconds.
Begin MonoManager ReloadAssembly
Native extension for WindowsStandalone target not found
Refreshing native plugins compatible for Editor in 4.43 ms, found 0 plugins.
Preloading 0 native plugins for Editor in 0.00 ms.
Invoked RoslynAnalysisRunner static constructor.
RoslynAnalysisRunner will not be running.
RoslynAnalysisRunner has terminated.
Mono: successfully reloaded assembly
- Completed reload, in  0.913 seconds
Platform modules already initialized, skipping
Refreshing native plugins compatible for Editor in 3.62 ms, found 0 plugins.
Preloading 0 native plugins for Editor in 0.00 ms.
Unloading 1224 Unused Serialized files (Serialized files now loaded: 0)
System memory in use before: 121.5 MB.
System memory in use after: 121.5 MB.

Unloading 7 unused Assets to reduce memory usage. Loaded Objects now: 1891.
Total: 2.241400 ms (FindLiveObjects: 0.307900 ms CreateObjectMapping: 0.100300 ms MarkObjects: 1.671300 ms  DeleteObjects: 0.160600 ms)

========================================================================
Received Prepare
Registering precompiled user dll's ...
Registered in 0.004089 seconds.
Begin MonoManager ReloadAssembly
Native extension for WindowsStandalone target not found
Refreshing native plugins compatible for Editor in 3.46 ms, found 0 plugins.
Preloading 0 native plugins for Editor in 0.00 ms.
Invoked RoslynAnalysisRunner static constructor.
RoslynAnalysisRunner will not be running.
RoslynAnalysisRunner has terminated.
Mono: successfully reloaded assembly
- Completed reload, in  0.809 seconds
Platform modules already initialized, skipping
Refreshing native plugins compatible for Editor in 3.01 ms, found 0 plugins.
Preloading 0 native plugins for Editor in 0.00 ms.
Unloading 1224 Unused Serialized files (Serialized files now loaded: 0)
System memory in use before: 121.5 MB.
System memory in use after: 121.6 MB.

Unloading 7 unused Assets to reduce memory usage. Loaded Objects now: 1894.
Total: 2.059800 ms (FindLiveObjects: 0.161800 ms CreateObjectMapping: 0.039300 ms MarkObjects: 1.661400 ms  DeleteObjects: 0.196100 ms)

========================================================================
Received Prepare
Registering precompiled user dll's ...
Registered in 0.004962 seconds.
Begin MonoManager ReloadAssembly
Native extension for WindowsStandalone target not found
Refreshing native plugins compatible for Editor in 3.91 ms, found 0 plugins.
Preloading 0 native plugins for Editor in 0.00 ms.
Invoked RoslynAnalysisRunner static constructor.
RoslynAnalysisRunner will not be running.
RoslynAnalysisRunner has terminated.
Mono: successfully reloaded assembly
- Completed reload, in  1.110 seconds
Platform modules already initialized, skipping
Refreshing native plugins compatible for Editor in 4.72 ms, found 0 plugins.
Preloading 0 native plugins for Editor in 0.00 ms.
Unloading 1224 Unused Serialized files (Serialized files now loaded: 0)
System memory in use before: 121.5 MB.
System memory in use after: 121.6 MB.

Unloading 7 unused Assets to reduce memory usage. Loaded Objects now: 1897.
Total: 2.608000 ms (FindLiveObjects: 0.191700 ms CreateObjectMapping: 0.058100 ms MarkObjects: 2.132600 ms  DeleteObjects: 0.223500 ms)

========================================================================
Received Prepare
Registering precompiled user dll's ...
Registered in 0.004112 seconds.
Begin MonoManager ReloadAssembly
Native extension for WindowsStandalone target not found
Refreshing native plugins compatible for Editor in 3.32 ms, found 0 plugins.
Preloading 0 native plugins for Editor in 0.00 ms.
Invoked RoslynAnalysisRunner static constructor.
RoslynAnalysisRunner will not be running.
RoslynAnalysisRunner has terminated.
Mono: successfully reloaded assembly
- Completed reload, in  0.802 seconds
Platform modules already initialized, skipping
Refreshing native plugins compatible for Editor in 3.29 ms, found 0 plugins.
Preloading 0 native plugins for Editor in 0.00 ms.
Unloading 1224 Unused Serialized files (Serialized files now loaded: 0)
System memory in use before: 121.6 MB.
System memory in use after: 121.6 MB.

Unloading 7 unused Assets to reduce memory usage. Loaded Objects now: 1900.
Total: 1.890600 ms (FindLiveObjects: 0.165100 ms CreateObjectMapping: 0.037300 ms MarkObjects: 1.525700 ms  DeleteObjects: 0.161500 ms)

========================================================================
Received Prepare
Registering precompiled user dll's ...
Registered in 0.004684 seconds.
Begin MonoManager ReloadAssembly
Native extension for WindowsStandalone target not found
Refreshing native plugins compatible for Editor in 3.25 ms, found 0 plugins.
Preloading 0 native plugins for Editor in 0.00 ms.
Invoked RoslynAnalysisRunner static constructor.
RoslynAnalysisRunner will not be running.
RoslynAnalysisRunner has terminated.
Mono: successfully reloaded assembly
- Completed reload, in  0.788 seconds
Platform modules already initialized, skipping
Refreshing native plugins compatible for Editor in 3.59 ms, found 0 plugins.
Preloading 0 native plugins for Editor in 0.00 ms.
Unloading 1224 Unused Serialized files (Serialized files now loaded: 0)
System memory in use before: 121.6 MB.
System memory in use after: 121.6 MB.

Unloading 7 unused Assets to reduce memory usage. Loaded Objects now: 1903.
Total: 2.348400 ms (FindLiveObjects: 0.233300 ms CreateObjectMapping: 0.064900 ms MarkObjects: 1.856500 ms  DeleteObjects: 0.192200 ms)

========================================================================
Received Prepare
Registering precompiled user dll's ...
Registered in 0.003874 seconds.
Begin MonoManager ReloadAssembly
Native extension for WindowsStandalone target not found
Refreshing native plugins compatible for Editor in 3.40 ms, found 0 plugins.
Preloading 0 native plugins for Editor in 0.00 ms.
Invoked RoslynAnalysisRunner static constructor.
RoslynAnalysisRunner will not be running.
RoslynAnalysisRunner has terminated.
Mono: successfully reloaded assembly
- Completed reload, in  0.819 seconds
Platform modules already initialized, skipping
Refreshing native plugins compatible for Editor in 3.68 ms, found 0 plugins.
Preloading 0 native plugins for Editor in 0.00 ms.
Unloading 1224 Unused Serialized files (Serialized files now loaded: 0)
System memory in use before: 121.6 MB.
System memory in use after: 121.6 MB.

Unloading 7 unused Assets to reduce memory usage. Loaded Objects now: 1906.
Total: 2.110700 ms (FindLiveObjects: 0.182300 ms CreateObjectMapping: 0.046500 ms MarkObjects: 1.717900 ms  DeleteObjects: 0.162700 ms)

========================================================================
Received Prepare
Registering precompiled user dll's ...
Registered in 0.003658 seconds.
Begin MonoManager ReloadAssembly
Native extension for WindowsStandalone target not found
Refreshing native plugins compatible for Editor in 2.97 ms, found 0 plugins.
Preloading 0 native plugins for Editor in 0.00 ms.
Invoked RoslynAnalysisRunner static constructor.
RoslynAnalysisRunner will not be running.
RoslynAnalysisRunner has terminated.
Mono: successfully reloaded assembly
- Completed reload, in  0.798 seconds
Platform modules already initialized, skipping
Refreshing native plugins compatible for Editor in 3.06 ms, found 0 plugins.
Preloading 0 native plugins for Editor in 0.00 ms.
Unloading 1224 Unused Serialized files (Serialized files now loaded: 0)
System memory in use before: 121.6 MB.
System memory in use after: 121.6 MB.

Unloading 7 unused Assets to reduce memory usage. Loaded Objects now: 1909.
Total: 2.401500 ms (FindLiveObjects: 0.584200 ms CreateObjectMapping: 0.071500 ms MarkObjects: 1.545200 ms  DeleteObjects: 0.196900 ms)

========================================================================
Received Import Request.
  Time since last request: 1829.076787 seconds.
  path: Assets/FrostweepGames/GCSpeechRecognition/GCSR_Examples/MyTest3/MyTestRec3.cs
  artifactKey: Guid(3452ad61b76de934daf0b06b6b4f392f) Importer(815301076,1909f56bfc062723c751e8b465ee728b)
Start importing Assets/FrostweepGames/GCSpeechRecognition/GCSR_Examples/MyTest3/MyTestRec3.cs using Guid(3452ad61b76de934daf0b06b6b4f392f) Importer(815301076,1909f56bfc062723c751e8b465ee728b)  -> (artifact id: '7ba472a65ff125cbfe4fbb08485219ad') in 0.006834 seconds
  Import took 0.205989 seconds .

========================================================================
Received Import Request.
  Time since last request: 18.395437 seconds.
  path: Assets/FrostweepGames/GCSpeechRecognition/GCSR_Examples/MyTest3/VoiceRecognision.cs
  artifactKey: Guid(3a9777d35244d8b469a216eb3c3bd832) Importer(815301076,1909f56bfc062723c751e8b465ee728b)
Start importing Assets/FrostweepGames/GCSpeechRecognition/GCSR_Examples/MyTest3/VoiceRecognision.cs using Guid(3a9777d35244d8b469a216eb3c3bd832) Importer(815301076,1909f56bfc062723c751e8b465ee728b)  -> (artifact id: 'ad9d82b41f5dd828f8abd59cef052ef9') in 0.007785 seconds
  Import took 0.076939 seconds .

========================================================================
Received Prepare
Registering precompiled user dll's ...
Registered in 0.004359 seconds.
Begin MonoManager ReloadAssembly
Native extension for WindowsStandalone target not found
Refreshing native plugins compatible for Editor in 3.51 ms, found 0 plugins.
Preloading 0 native plugins for Editor in 0.00 ms.
Invoked RoslynAnalysisRunner static constructor.
RoslynAnalysisRunner will not be running.
RoslynAnalysisRunner has terminated.
Mono: successfully reloaded assembly
- Completed reload, in  0.916 seconds
Platform modules already initialized, skipping
Refreshing native plugins compatible for Editor in 3.26 ms, found 0 plugins.
Preloading 0 native plugins for Editor in 0.00 ms.
Unloading 1225 Unused Serialized files (Serialized files now loaded: 0)
System memory in use before: 121.6 MB.
System memory in use after: 121.6 MB.

Unloading 7 unused Assets to reduce memory usage. Loaded Objects now: 1913.
Total: 2.501900 ms (FindLiveObjects: 0.368600 ms CreateObjectMapping: 0.055700 ms MarkObjects: 1.898200 ms  DeleteObjects: 0.177600 ms)

========================================================================
Received Prepare
Registering precompiled user dll's ...
Registered in 0.004268 seconds.
Begin MonoManager ReloadAssembly
Native extension for WindowsStandalone target not found
Refreshing native plugins compatible for Editor in 3.64 ms, found 0 plugins.
Preloading 0 native plugins for Editor in 0.00 ms.
Invoked RoslynAnalysisRunner static constructor.
RoslynAnalysisRunner will not be running.
RoslynAnalysisRunner has terminated.
Mono: successfully reloaded assembly
- Completed reload, in  0.885 seconds
Platform modules already initialized, skipping
Refreshing native plugins compatible for Editor in 3.73 ms, found 0 plugins.
Preloading 0 native plugins for Editor in 0.00 ms.
Unloading 1225 Unused Serialized files (Serialized files now loaded: 0)
System memory in use before: 121.6 MB.
System memory in use after: 121.6 MB.

Unloading 7 unused Assets to reduce memory usage. Loaded Objects now: 1916.
Total: 2.054300 ms (FindLiveObjects: 0.264000 ms CreateObjectMapping: 0.072000 ms MarkObjects: 1.565400 ms  DeleteObjects: 0.150900 ms)

========================================================================
Received Prepare
Registering precompiled user dll's ...
Registered in 0.004583 seconds.
Begin MonoManager ReloadAssembly
Native extension for WindowsStandalone target not found
Refreshing native plugins compatible for Editor in 3.31 ms, found 0 plugins.
Preloading 0 native plugins for Editor in 0.00 ms.
Invoked RoslynAnalysisRunner static constructor.
RoslynAnalysisRunner will not be running.
RoslynAnalysisRunner has terminated.
Mono: successfully reloaded assembly
- Completed reload, in  0.813 seconds
Platform modules already initialized, skipping
Refreshing native plugins compatible for Editor in 3.35 ms, found 0 plugins.
Preloading 0 native plugins for Editor in 0.00 ms.
Unloading 1225 Unused Serialized files (Serialized files now loaded: 0)
System memory in use before: 121.6 MB.
System memory in use after: 121.6 MB.

Unloading 7 unused Assets to reduce memory usage. Loaded Objects now: 1919.
Total: 2.181800 ms (FindLiveObjects: 0.270700 ms CreateObjectMapping: 0.053800 ms MarkObjects: 1.675200 ms  DeleteObjects: 0.158300 ms)

========================================================================
Received Import Request.
  Time since last request: 419.192466 seconds.
  path: Assets/FrostweepGames/_Generic/Content/PLBardamu-Lite.ttf
  artifactKey: Guid(8ba73066bbd257346af65a3a4dacddf6) Importer(815301076,1909f56bfc062723c751e8b465ee728b)
Start importing Assets/FrostweepGames/_Generic/Content/PLBardamu-Lite.ttf using Guid(8ba73066bbd257346af65a3a4dacddf6) Importer(815301076,1909f56bfc062723c751e8b465ee728b)  -> (artifact id: '76561ecfc180646aaeb93f50e31f2b27') in 0.204529 seconds
  Import took 0.223839 seconds .

========================================================================
Received Import Request.
  Time since last request: 0.000542 seconds.
  path: Assets/FrostweepGames/_Generic/Content/PLBardamu-Lite.ttf
  artifactKey: Guid(8ba73066bbd257346af65a3a4dacddf6) Importer(815301076,1909f56bfc062723c751e8b465ee728b)
Start importing Assets/FrostweepGames/_Generic/Content/PLBardamu-Lite.ttf using Guid(8ba73066bbd257346af65a3a4dacddf6) Importer(815301076,1909f56bfc062723c751e8b465ee728b)  -> (artifact id: '76561ecfc180646aaeb93f50e31f2b27') in 0.014764 seconds
  Import took 0.020250 seconds .

========================================================================
Received Import Request.
  Time since last request: 259.537776 seconds.
  path: Assets/Scenes/2.Battle/Battle 1.unity
  artifactKey: Guid(a9d100ec530ce49df92c987d154e73e5) Importer(815301076,1909f56bfc062723c751e8b465ee728b)
Start importing Assets/Scenes/2.Battle/Battle 1.unity using Guid(a9d100ec530ce49df92c987d154e73e5) Importer(815301076,1909f56bfc062723c751e8b465ee728b)  -> (artifact id: '9c21b63292c4ce5dabc7f6b462a759de') in 0.007038 seconds
  Import took 0.127622 seconds .

========================================================================
Received Prepare
Registering precompiled user dll's ...
Registered in 0.004683 seconds.
Begin MonoManager ReloadAssembly
Native extension for WindowsStandalone target not found
Refreshing native plugins compatible for Editor in 3.23 ms, found 0 plugins.
Preloading 0 native plugins for Editor in 0.00 ms.
Invoked RoslynAnalysisRunner static constructor.
RoslynAnalysisRunner will not be running.
RoslynAnalysisRunner has terminated.
Mono: successfully reloaded assembly
- Completed reload, in  0.816 seconds
Platform modules already initialized, skipping
Refreshing native plugins compatible for Editor in 3.25 ms, found 0 plugins.
Preloading 0 native plugins for Editor in 0.00 ms.
Unloading 1225 Unused Serialized files (Serialized files now loaded: 0)
System memory in use before: 125.1 MB.
System memory in use after: 125.1 MB.

Unloading 7 unused Assets to reduce memory usage. Loaded Objects now: 1966.
Total: 1.755600 ms (FindLiveObjects: 0.206200 ms CreateObjectMapping: 0.042200 ms MarkObjects: 1.361000 ms  DeleteObjects: 0.145100 ms)

AssetImportWorkerClient::OnTransportError - code=2 error=End of file
